<?xml version="1.0" encoding="UTF-8"?>
<!-- Generated by org.testng.reporters.JUnitReportReporter -->
<testsuite name="com.learnautomation.testcases.LoginTestHRM" tests="2" time="3.161" ignored="0" failures="0" timestamp="06 Feb 2019 21:58:35 GMT" skipped="0" hostname="LAPTOP-NLHU7H1D" errors="0">
  <testcase name="logutApp" time="0.296" classname="com.learnautomation.testcases.LoginTestHRM"/>
  <testcase name="loginApp" time="2.865" classname="com.learnautomation.testcases.LoginTestHRM"/>
</testsuite> <!-- com.learnautomation.testcases.LoginTestHRM -->
