<?xml version="1.0" encoding="UTF-8"?>
<!-- Generated by org.testng.reporters.JUnitReportReporter -->
<testsuite name="com.learnautomation.testcases.LoginTestHRM" tests="2" time="3.769" ignored="0" failures="0" timestamp="01 Apr 2019 15:40:17 GMT" skipped="0" hostname="LAPTOP-NLHU7H1D" errors="0">
  <testcase name="loginApp" time="2.928" classname="com.learnautomation.testcases.LoginTestHRM"/>
  <testcase name="logutApp" time="0.841" classname="com.learnautomation.testcases.LoginTestHRM"/>
</testsuite> <!-- com.learnautomation.testcases.LoginTestHRM -->
