<?xml version="1.0" encoding="UTF-8"?>
<!-- Generated by org.testng.reporters.JUnitReportReporter -->
<testsuite name="com.learnautomation.testcases.TestCaseWithoutFramework" tests="1" time="40.841" ignored="0" failures="0" timestamp="06 Feb 2019 15:41:14 GMT" skipped="0" hostname="LAPTOP-NLHU7H1D" errors="0">
  <testcase name="test1" time="40.841" classname="com.learnautomation.testcases.TestCaseWithoutFramework"/>
</testsuite> <!-- com.learnautomation.testcases.TestCaseWithoutFramework -->
